<?xml version="1.0" encoding="UTF-8"?>
<!-- Generated by org.testng.reporters.JUnitReportReporter -->
<testsuite skipped="0" hostname="LAPTOP-8G9D54R1" name="com.kalbi.test.smoke.CITTest" tests="1" failures="0" timestamp="25 Nov 2018 14:49:19 GMT" time="16.295" errors="0">
  <testcase name="testSample" time="16.295" classname="com.kalbi.test.smoke.CITTest"/>
</testsuite> <!-- com.kalbi.test.smoke.CITTest -->
