<?xml version="1.0" encoding="UTF-8"?>
<!-- Generated by org.testng.reporters.JUnitReportReporter -->
<testsuite skipped="0" hostname="LAPTOP-8G9D54R1" name="com.kalbi.test.regression.RegressionTest" tests="1" failures="0" timestamp="25 Nov 2018 14:32:07 GMT" time="0.018" errors="0">
  <testcase name="RegressionTesting" time="0.018" classname="com.kalbi.test.regression.RegressionTest"/>
</testsuite> <!-- com.kalbi.test.regression.RegressionTest -->
