<?xml version="1.0" encoding="UTF-8"?>
<!-- Generated by org.testng.reporters.JUnitReportReporter -->
<testsuite hostname="LAPTOP-8G9D54R1" name="com.kalbi.test.regression.RegScenario" tests="1" failures="0" timestamp="25 Nov 2018 13:05:01 GMT" time="0.000" errors="0">
  <testcase name="testTC1" time="0.000" classname="com.kalbi.test.regression.RegScenario"/>
</testsuite> <!-- com.kalbi.test.regression.RegScenario -->
