<?xml version="1.0" encoding="UTF-8"?>
<!-- Generated by org.testng.reporters.JUnitReportReporter -->
<testsuite hostname="LAPTOP-8G9D54R1" name="com.kalbi.test.regression.RegressionTest" tests="2" failures="0" timestamp="25 Nov 2018 14:47:55 GMT" time="0.009" errors="0">
  <testcase name="RegressionTesting" time="0.000" classname="com.kalbi.test.regression.RegressionTest"/>
  <testcase name="RegressionTesting" time="0.009" classname="com.kalbi.test.regression.RegressionTest"/>
</testsuite> <!-- com.kalbi.test.regression.RegressionTest -->
