<?xml version="1.0" encoding="UTF-8"?>
<!-- Generated by org.testng.reporters.JUnitReportReporter -->
<testsuite hostname="LAPTOP-8G9D54R1" name="com.kalbi.test.smoke.CITTest" tests="1" failures="0" timestamp="25 Nov 2018 14:52:01 GMT" time="13.582" errors="0">
  <testcase name="testSample" time="13.582" classname="com.kalbi.test.smoke.CITTest"/>
</testsuite> <!-- com.kalbi.test.smoke.CITTest -->
